acl 2.2.53-3
archlinux-keyring 20200422-1
argon2 20190702-3
attr 2.4.48-3
audit 2.8.5-6
autoconf 2.69-7
automake 1.16.2-1
base 2-2
bash 5.0.016-1
binutils 2.34-3
bison 3.5.4-1
bluez-libs 5.54-2
bzip2 1.0.8-3
ca-certificates 20181109-3
ca-certificates-mozilla 3.52-1
ca-certificates-utils 20181109-3
coreutils 8.32-1
cracklib 2.9.7-2
cryptsetup 2.3.2-2
curl 7.70.0-1
db 5.3.28-5
dbus 1.12.16-5
device-mapper 2.02.187-2
dialog 1:1.3_20200327-1
diffutils 3.7-3
dosfstools 4.1-3
e2fsprogs 1.45.6-2
efibootmgr 17-1
efivar 37-3
elfutils 0.178-2
expat 2.2.9-3
fakeroot 1.24-2
file 5.38-3
filesystem 2020.05.07-1
findutils 4.7.0-2
flex 2.6.4-3
freetype2 2.10.2-1
gawk 5.1.0-1
gc 8.0.4-3
gcc 10.1.0-1
gcc-libs 10.1.0-1
gdbm 1.18.1-3
gettext 0.20.2-1
git 2.26.2-1
glib2 2.64.2-1
glibc 2.31-3
gmp 6.2.0-1
gnupg 2.2.20-1
gnutls 3.6.13-2
gpgme 1.13.1-5
gpm 1.20.7.r27.g1fd1941-2
graphite 1:1.3.14-1
grep 3.4-1
groff 1.22.4-3
grub 2:2.04-7
guile 2.2.6-2
gzip 1.10-3
harfbuzz 2.6.6-1
hwids 20200306-1
iana-etc 20200428-1
icu 67.1-1
intel-ucode 20200508-1
iproute2 5.6.0-1
iptables 1:1.8.4-1
iputils 20190709-2
jansson 2.13.1-1
js60 60.9.0-2
json-c 0.14-4
kbd 2.2.0-5
keyutils 1.6.1-4
kmod 27-1
krb5 1.18-1
less 551-3
libarchive 3.4.2-1
libassuan 2.5.3-2
libcap 2.33-1
libcap-ng 0.7.10-1
libcroco 0.6.13-1
libdaemon 0.14-4
libdrm 2.4.101-1
libedit 20191231_3.1-1
libelf 0.178-2
libepoxy 1.5.4-1
libevdev 1.9.0-1
libffi 3.3-3
libfontenc 1.1.4-1
libgcrypt 1.8.5-2
libglvnd 1.3.1-1
libgpg-error 1.37-1
libgudev 233-1
libidn2 2.3.0-1
libinput 1.15.5-1
libksba 1.3.5-2
libldap 2.4.49-1
libmicrohttpd 0.9.70-3
libmm-glib 1.12.10-1
libmnl 1.0.4-3
libmpc 1.1.0-2
libndp 1.7-1
libnetfilter_conntrack 1.0.8-1
libnewt 0.52.21-3
libnfnetlink 1.0.1-3
libnftnl 1.1.6-1
libnghttp2 1.40.0-1
libnl 3.5.0-2
libnm 1.24.0-1
libnsl 1.2.0-2
libomxil-bellagio 0.9.3-2
libp11-kit 0.23.20-5
libpcap 1.9.1-2
libpciaccess 0.16-1
libpgm 5.2.122-5
libpng 1.6.37-1
libpsl 0.21.0-2
libsasl 2.1.27-3
libseccomp 2.4.2-1
libsecret 0.20.3-1
libsodium 1.0.18-1
libssh2 1.9.0-2
libtasn1 4.16.0-1
libteam 1.30-1
libtirpc 1.2.6-1
libtool 2.4.6+42+gb88cebd5-13
libunistring 0.9.10-2
libunwind 1.3.1-1
libusb 1.0.23-2
libutil-linux 2.35.1-2
libwacom 1.3-1
libx11 1.6.9-6
libxau 1.0.9-2
libxcb 1.14-1
libxdamage 1.1.5-2
libxdmcp 1.1.3-2
libxext 1.3.4-2
libxfixes 5.0.3-3
libxfont2 2.0.4-2
libxkbfile 1.1.0-1
libxml2 2.9.10-2
libxshmfence 1.3-2
libxxf86vm 1.1.4-3
licenses 20200427-1
linux 5.6.13.arch1-1
linux-api-headers 5.6.11-1
linux-headers 5.6.13.arch1-1
llvm-libs 10.0.0-1
lm_sensors 3.6.0-1
lz4 1:1.9.2-2
m4 1.4.18-3
make 4.3-3
mesa 20.0.7-2
mkinitcpio 27-3
mkinitcpio-busybox 1.31.1-1
mobile-broadband-provider-info 20190618-1
mpfr 4.0.2-2
mtdev 1.1.6-1
mtools 4.0.24-1
ncurses 6.2-1
neofetch 7.0.0-1
netctl 1.23-1
nettle 3.6-1
networkmanager 1.24.0-1
npth 1.6-2
nspr 4.25-1
nss 3.52-1
openresolv 3.10.0-1
openssl 1.1.1.g-1
os-prober 1.77-1
p11-kit 0.23.20-5
pacman 5.2.1-5
pacman-mirrorlist 20200411-1
pam 1.3.1-2
pambase 20190105.1-2
patch 2.7.6-8
pciutils 3.6.4-1
pcre 8.44-1
pcre2 10.34-3
perl 5.30.2-1
perl-error 0.17029-1
perl-mailtools 2.21-2
perl-timedate 2.32-1
pinentry 1.1.0-5
pixman 0.40.0-1
pkgconf 1.6.3-4
polkit 0.116-5
popt 1.16-12
procps-ng 3.3.16-1
psmisc 23.3-2
python 3.8.2-2
ranger 1.9.3-1
readline 8.0.004-1
sed 4.8-1
shadow 4.8.1-1
slang 2.3.2-2
sqlite 3.31.1-1
sudo 1.8.31.p1-1
systemd 245.5-2
systemd-libs 245.5-2
systemd-sysvcompat 245.5-2
tar 1.32-3
texinfo 6.7-3
tzdata 2020a-1
util-linux 2.35.1-2
vim 8.2.0717-2
vim-runtime 8.2.0717-2
wayland 1.18.0-2
which 2.21-5
wireless_tools 30.pre9-3
wpa_supplicant 2:2.9-7
xcb-proto 1.14-1
xf86-input-libinput 0.29.0-2
xkeyboard-config 2.29-1
xorg-server 1.20.8-2
xorg-server-common 1.20.8-2
xorg-setxkbmap 1.3.2-1
xorg-xkbcomp 1.4.3-1
xorgproto 2020.1-1
xz 5.2.5-1
zeromq 4.3.2-1
zlib 1:1.2.11-4
zstd 1.4.4-1
